This file contains any messages produced by compilers while
running configure, to aid debugging if configure makes a mistake.

It was created by librat configure 1.0, which was
generated by GNU Autoconf 2.69.  Invocation command line was

  $ ./configure --no-create --no-recursion

## --------- ##
## Platform. ##
## --------- ##

hostname = philips-MacBook-Pro.local
uname -m = x86_64
uname -r = 19.3.0
uname -s = Darwin
uname -v = Darwin Kernel Version 19.3.0: Thu Jan  9 20:58:23 PST 2020; root:xnu-6153.81.5~1/RELEASE_X86_64

/usr/bin/uname -p = i386
/bin/uname -X     = unknown

/bin/arch              = unknown
/usr/bin/arch -k       = unknown
/usr/convex/getsysinfo = unknown
/usr/bin/hostinfo      = Mach kernel version:
	 Darwin Kernel Version 19.3.0: Thu Jan  9 20:58:23 PST 2020; root:xnu-6153.81.5~1/RELEASE_X86_64
Kernel configured for up to 8 processors.
4 processors are physically available.
8 processors are logically available.
Processor type: x86_64h (Intel x86-64h Haswell)
Processors active: 0 1 2 3 4 5 6 7
Primary memory available: 16.00 gigabytes
Default processor set: 635 tasks, 2742 threads, 8 processors
Load average: 2.75, Mach factor: 5.24
/bin/machine           = unknown
/usr/bin/oslevel       = unknown
/bin/universe          = unknown

PATH: /Users/plewis/opt/anaconda3/bin
PATH: /Users/plewis/opt/anaconda3/condabin
PATH: /usr/local/bin
PATH: /usr/bin
PATH: /bin
PATH: /usr/sbin
PATH: /sbin
PATH: /opt/X11/bin


## ----------- ##
## Core tests. ##
## ----------- ##

configure:2166: checking for a BSD-compatible install
configure:2234: result: /usr/bin/install -c
configure:2245: checking whether build environment is sane
configure:2300: result: yes
configure:2451: checking for a thread-safe mkdir -p
configure:2490: result: ./install-sh -c -d
configure:2497: checking for gawk
configure:2527: result: no
configure:2497: checking for mawk
configure:2527: result: no
configure:2497: checking for nawk
configure:2527: result: no
configure:2497: checking for awk
configure:2513: found /usr/bin/awk
configure:2524: result: awk
configure:2535: checking whether make sets $(MAKE)
configure:2557: result: yes
configure:2586: checking whether make supports nested variables
configure:2603: result: yes
configure:2777: checking for gcc
configure:2793: found /usr/bin/gcc
configure:2804: result: gcc
configure:3033: checking for C compiler version
configure:3042: gcc --version >&5
Apple clang version 11.0.3 (clang-1103.0.32.29)
Target: x86_64-apple-darwin19.3.0
Thread model: posix
InstalledDir: /Library/Developer/CommandLineTools/usr/bin
Configured with: --prefix=/Library/Developer/CommandLineTools/usr --with-gxx-include-dir=/Library/Developer/CommandLineTools/SDKs/MacOSX.sdk/usr/include/c++/4.2.1
configure:3053: $? = 0
configure:3042: gcc -v >&5
Configured with: --prefix=/Library/Developer/CommandLineTools/usr --with-gxx-include-dir=/Library/Developer/CommandLineTools/SDKs/MacOSX.sdk/usr/include/c++/4.2.1
Apple clang version 11.0.3 (clang-1103.0.32.29)
Target: x86_64-apple-darwin19.3.0
Thread model: posix
InstalledDir: /Library/Developer/CommandLineTools/usr/bin
configure:3053: $? = 0
configure:3042: gcc -V >&5
clang: error: unsupported option '-V -Wno-objc-signed-char-bool-implicit-int-conversion'
clang: error: no input files
configure:3053: $? = 1
configure:3042: gcc -qversion >&5
clang: error: unknown argument '-qversion'; did you mean '--version'?
clang: error: no input files
configure:3053: $? = 1
configure:3073: checking whether the C compiler works
configure:3095: gcc    conftest.c  >&5
configure:3099: $? = 0
configure:3147: result: yes
configure:3150: checking for C compiler default output file name
configure:3152: result: a.out
configure:3158: checking for suffix of executables
configure:3165: gcc -o conftest    conftest.c  >&5
configure:3169: $? = 0
configure:3191: result: 
configure:3213: checking whether we are cross compiling
configure:3221: gcc -o conftest    conftest.c  >&5
configure:3225: $? = 0
configure:3232: ./conftest
configure:3236: $? = 0
configure:3251: result: no
configure:3256: checking for suffix of object files
configure:3278: gcc -c   conftest.c >&5
configure:3282: $? = 0
configure:3303: result: o
configure:3307: checking whether we are using the GNU C compiler
configure:3326: gcc -c   conftest.c >&5
configure:3326: $? = 0
configure:3335: result: yes
configure:3344: checking whether gcc accepts -g
configure:3364: gcc -c -g  conftest.c >&5
configure:3364: $? = 0
configure:3405: result: yes
configure:3422: checking for gcc option to accept ISO C89
configure:3485: gcc  -c -g -O2  conftest.c >&5
configure:3485: $? = 0
configure:3498: result: none needed
configure:3523: checking whether gcc understands -c and -o together
configure:3545: gcc -c conftest.c -o conftest2.o
configure:3548: $? = 0
configure:3545: gcc -c conftest.c -o conftest2.o
configure:3548: $? = 0
configure:3560: result: yes
configure:3580: checking whether make supports the include directive
configure:3595: make -f confmf.GNU && cat confinc.out
this is the am__doit target
configure:3598: $? = 0
configure:3617: result: yes (GNU style)
configure:3642: checking dependency style of gcc
configure:3753: result: gcc3
configure:3818: checking for ar
configure:3834: found /usr/bin/ar
configure:3845: result: ar
configure:3871: checking the archiver (ar) interface
configure:3887: gcc -c -g -O2  conftest.c >&5
configure:3887: $? = 0
configure:3889: ar cru libconftest.a conftest.o >&5
configure:3892: $? = 0
configure:3920: result: ar
configure:3971: checking build system type
configure:3985: result: x86_64-apple-darwin19.3.0
configure:4005: checking host system type
configure:4018: result: x86_64-apple-darwin19.3.0
configure:4059: checking how to print strings
configure:4086: result: printf
configure:4107: checking for a sed that does not truncate output
configure:4171: result: /usr/bin/sed
configure:4189: checking for grep that handles long lines and -e
configure:4247: result: /usr/bin/grep
configure:4252: checking for egrep
configure:4314: result: /usr/bin/grep -E
configure:4319: checking for fgrep
configure:4381: result: /usr/bin/grep -F
configure:4416: checking for ld used by gcc
configure:4483: result: /Library/Developer/CommandLineTools/usr/bin/ld
configure:4490: checking if the linker (/Library/Developer/CommandLineTools/usr/bin/ld) is GNU ld
configure:4505: result: no
configure:4517: checking for BSD- or MS-compatible name lister (nm)
configure:4571: result: /usr/bin/nm -B
configure:4701: checking the name lister (/usr/bin/nm -B) interface
configure:4708: gcc -c -g -O2  conftest.c >&5
configure:4711: /usr/bin/nm -B "conftest.o"
configure:4714: output
00000000000001c4 S _some_variable
configure:4721: result: BSD nm
configure:4724: checking whether ln -s works
configure:4728: result: yes
configure:4736: checking the maximum length of command line arguments
configure:4867: result: 196608
configure:4915: checking how to convert x86_64-apple-darwin19.3.0 file names to x86_64-apple-darwin19.3.0 format
configure:4955: result: func_convert_file_noop
configure:4962: checking how to convert x86_64-apple-darwin19.3.0 file names to toolchain format
configure:4982: result: func_convert_file_noop
configure:4989: checking for /Library/Developer/CommandLineTools/usr/bin/ld option to reload object files
configure:4996: result: -r
configure:5070: checking for objdump
configure:5086: found /usr/bin/objdump
configure:5097: result: objdump
configure:5129: checking how to recognize dependent libraries
configure:5329: result: pass_all
configure:5414: checking for dlltool
configure:5444: result: no
configure:5474: checking how to associate runtime and link libraries
configure:5501: result: printf %s\n
configure:5625: checking for archiver @FILE support
configure:5642: gcc -c -g -O2  conftest.c >&5
configure:5642: $? = 0
configure:5645: ar cru libconftest.a @conftest.lst >&5
ar: @conftest.lst: No such file or directory
configure:5648: $? = 1
configure:5668: result: no
configure:5726: checking for strip
configure:5742: found /usr/bin/strip
configure:5753: result: strip
configure:5825: checking for ranlib
configure:5841: found /usr/bin/ranlib
configure:5852: result: ranlib
configure:5954: checking command to parse /usr/bin/nm -B output from gcc object
configure:6107: gcc -c -g -O2  conftest.c >&5
configure:6110: $? = 0
configure:6114: /usr/bin/nm -B conftest.o \| sed -n -e 's/^.*[ ]\([BCDEGRST][BCDEGRST]*\)[ ][ ]*\([_A-Za-z][_A-Za-z0-9]*\)$/\1 \2 \2/p' | sed '/ __gnu_lto/d' \> conftest.nm
configure:6117: $? = 0
cannot find nm_test_var in conftest.nm
configure:6107: gcc -c -g -O2  conftest.c >&5
configure:6110: $? = 0
configure:6114: /usr/bin/nm -B conftest.o \| sed -n -e 's/^.*[ ]\([BCDEGRST][BCDEGRST]*\)[ ][ ]*_\([_A-Za-z][_A-Za-z0-9]*\)$/\1 _\2 \2/p' | sed '/ __gnu_lto/d' \> conftest.nm
configure:6117: $? = 0
configure:6183: gcc -o conftest -g -O2   conftest.c conftstm.o >&5
warning: (x86_64)  could not find object file symbol for symbol _main
configure:6186: $? = 0
configure:6224: result: ok
configure:6271: checking for sysroot
configure:6301: result: no
configure:6308: checking for a working dd
configure:6346: result: /bin/dd
configure:6350: checking how to truncate binary pipes
configure:6365: result: /bin/dd bs=4096 count=1
configure:6694: checking for mt
configure:6724: result: no
configure:6744: checking if : is a manifest tool
configure:6750: : '-?'
configure:6758: result: no
configure:6814: checking for dsymutil
configure:6830: found /usr/bin/dsymutil
configure:6841: result: dsymutil
configure:6906: checking for nmedit
configure:6922: found /usr/bin/nmedit
configure:6933: result: nmedit
configure:6998: checking for lipo
configure:7014: found /usr/bin/lipo
configure:7025: result: lipo
configure:7090: checking for otool
configure:7106: found /usr/bin/otool
configure:7117: result: otool
configure:7182: checking for otool64
configure:7212: result: no
configure:7257: checking for -single_module linker flag
gcc -g -O2  -o libconftest.dylib -dynamiclib -Wl,-single_module conftest.c
configure:7290: result: yes
configure:7293: checking for -exported_symbols_list linker flag
configure:7313: gcc -o conftest -g -O2   -Wl,-exported_symbols_list,conftest.sym conftest.c  >&5
configure:7313: $? = 0
configure:7323: result: yes
configure:7326: checking for -force_load linker flag
gcc -g -O2 -c -o conftest.o conftest.c
ar cru libconftest.a conftest.o
ranlib libconftest.a
gcc -g -O2  -o conftest conftest.c -Wl,-force_load,./libconftest.a
configure:7358: result: yes
configure:7435: checking how to run the C preprocessor
configure:7466: gcc -E  conftest.c
configure:7466: $? = 0
configure:7480: gcc -E  conftest.c
conftest.c:11:10: fatal error: 'ac_nonexistent.h' file not found
#include <ac_nonexistent.h>
         ^~~~~~~~~~~~~~~~~~
1 error generated.
configure:7480: $? = 1
configure: failed program was:
| /* confdefs.h */
| #define PACKAGE_NAME "librat"
| #define PACKAGE_TARNAME "librat"
| #define PACKAGE_VERSION "1.0"
| #define PACKAGE_STRING "librat 1.0"
| #define PACKAGE_BUGREPORT "bug-automake@gnu.org"
| #define PACKAGE_URL ""
| #define PACKAGE "librat"
| #define VERSION "1.0"
| /* end confdefs.h.  */
| #include <ac_nonexistent.h>
configure:7505: result: gcc -E
configure:7525: gcc -E  conftest.c
configure:7525: $? = 0
configure:7539: gcc -E  conftest.c
conftest.c:11:10: fatal error: 'ac_nonexistent.h' file not found
#include <ac_nonexistent.h>
         ^~~~~~~~~~~~~~~~~~
1 error generated.
configure:7539: $? = 1
configure: failed program was:
| /* confdefs.h */
| #define PACKAGE_NAME "librat"
| #define PACKAGE_TARNAME "librat"
| #define PACKAGE_VERSION "1.0"
| #define PACKAGE_STRING "librat 1.0"
| #define PACKAGE_BUGREPORT "bug-automake@gnu.org"
| #define PACKAGE_URL ""
| #define PACKAGE "librat"
| #define VERSION "1.0"
| /* end confdefs.h.  */
| #include <ac_nonexistent.h>
configure:7568: checking for ANSI C header files
configure:7588: gcc -c -g -O2  conftest.c >&5
configure:7588: $? = 0
configure:7661: gcc -o conftest -g -O2   conftest.c  >&5
configure:7661: $? = 0
configure:7661: ./conftest
configure:7661: $? = 0
configure:7672: result: yes
configure:7685: checking for sys/types.h
configure:7685: gcc -c -g -O2  conftest.c >&5
configure:7685: $? = 0
configure:7685: result: yes
configure:7685: checking for sys/stat.h
configure:7685: gcc -c -g -O2  conftest.c >&5
configure:7685: $? = 0
configure:7685: result: yes
configure:7685: checking for stdlib.h
configure:7685: gcc -c -g -O2  conftest.c >&5
configure:7685: $? = 0
configure:7685: result: yes
configure:7685: checking for string.h
configure:7685: gcc -c -g -O2  conftest.c >&5
configure:7685: $? = 0
configure:7685: result: yes
configure:7685: checking for memory.h
configure:7685: gcc -c -g -O2  conftest.c >&5
configure:7685: $? = 0
configure:7685: result: yes
configure:7685: checking for strings.h
configure:7685: gcc -c -g -O2  conftest.c >&5
configure:7685: $? = 0
configure:7685: result: yes
configure:7685: checking for inttypes.h
configure:7685: gcc -c -g -O2  conftest.c >&5
configure:7685: $? = 0
configure:7685: result: yes
configure:7685: checking for stdint.h
configure:7685: gcc -c -g -O2  conftest.c >&5
configure:7685: $? = 0
configure:7685: result: yes
configure:7685: checking for unistd.h
configure:7685: gcc -c -g -O2  conftest.c >&5
configure:7685: $? = 0
configure:7685: result: yes
configure:7699: checking for dlfcn.h
configure:7699: gcc -c -g -O2  conftest.c >&5
configure:7699: $? = 0
configure:7699: result: yes
configure:7955: checking for objdir
configure:7970: result: .libs
configure:8230: checking if gcc supports -fno-rtti -fno-exceptions
configure:8248: gcc -c -g -O2  -fno-rtti -fno-exceptions conftest.c >&5
configure:8252: $? = 0
configure:8265: result: yes
configure:8623: checking for gcc option to produce PIC
configure:8630: result: -fno-common -DPIC
configure:8638: checking if gcc PIC flag -fno-common -DPIC works
configure:8656: gcc -c -g -O2  -fno-common -DPIC -DPIC conftest.c >&5
configure:8660: $? = 0
configure:8673: result: yes
configure:8702: checking if gcc static flag -static works
configure:8730: result: no
configure:8745: checking if gcc supports -c -o file.o
configure:8766: gcc -c -g -O2  -o out/conftest2.o conftest.c >&5
configure:8770: $? = 0
configure:8792: result: yes
configure:8800: checking if gcc supports -c -o file.o
configure:8847: result: yes
configure:8880: checking whether the gcc linker (/Library/Developer/CommandLineTools/usr/bin/ld) supports shared libraries
configure:10139: result: yes
configure:10379: checking dynamic linker characteristics
configure:11197: result: darwin19.3.0 dyld
configure:11319: checking how to hardcode library paths into programs
configure:11344: result: immediate
configure:11892: checking whether stripping libraries is possible
configure:11906: result: yes
configure:11932: checking if libtool supports shared libraries
configure:11934: result: yes
configure:11937: checking whether to build shared libraries
configure:11962: result: yes
configure:11965: checking whether to build static libraries
configure:11969: result: yes
configure:12117: checking that generated files are newer than configure
configure:12123: result: done
configure:12146: creating ./config.status

## ---------------- ##
## Cache variables. ##
## ---------------- ##

ac_cv_build=x86_64-apple-darwin19.3.0
ac_cv_c_compiler_gnu=yes
ac_cv_env_CC_set=
ac_cv_env_CC_value=
ac_cv_env_CFLAGS_set=
ac_cv_env_CFLAGS_value=
ac_cv_env_CPPFLAGS_set=
ac_cv_env_CPPFLAGS_value=
ac_cv_env_CPP_set=
ac_cv_env_CPP_value=
ac_cv_env_LDFLAGS_set=
ac_cv_env_LDFLAGS_value=
ac_cv_env_LIBS_set=
ac_cv_env_LIBS_value=
ac_cv_env_LT_SYS_LIBRARY_PATH_set=
ac_cv_env_LT_SYS_LIBRARY_PATH_value=
ac_cv_env_build_alias_set=
ac_cv_env_build_alias_value=
ac_cv_env_host_alias_set=
ac_cv_env_host_alias_value=
ac_cv_env_target_alias_set=
ac_cv_env_target_alias_value=
ac_cv_header_dlfcn_h=yes
ac_cv_header_inttypes_h=yes
ac_cv_header_memory_h=yes
ac_cv_header_stdc=yes
ac_cv_header_stdint_h=yes
ac_cv_header_stdlib_h=yes
ac_cv_header_string_h=yes
ac_cv_header_strings_h=yes
ac_cv_header_sys_stat_h=yes
ac_cv_header_sys_types_h=yes
ac_cv_header_unistd_h=yes
ac_cv_host=x86_64-apple-darwin19.3.0
ac_cv_objext=o
ac_cv_path_EGREP='/usr/bin/grep -E'
ac_cv_path_FGREP='/usr/bin/grep -F'
ac_cv_path_GREP=/usr/bin/grep
ac_cv_path_SED=/usr/bin/sed
ac_cv_path_install='/usr/bin/install -c'
ac_cv_path_lt_DD=/bin/dd
ac_cv_prog_AWK=awk
ac_cv_prog_CPP='gcc -E'
ac_cv_prog_ac_ct_AR=ar
ac_cv_prog_ac_ct_CC=gcc
ac_cv_prog_ac_ct_DSYMUTIL=dsymutil
ac_cv_prog_ac_ct_LIPO=lipo
ac_cv_prog_ac_ct_NMEDIT=nmedit
ac_cv_prog_ac_ct_OBJDUMP=objdump
ac_cv_prog_ac_ct_OTOOL=otool
ac_cv_prog_ac_ct_RANLIB=ranlib
ac_cv_prog_ac_ct_STRIP=strip
ac_cv_prog_cc_c89=
ac_cv_prog_cc_g=yes
ac_cv_prog_make_make_set=yes
am_cv_CC_dependencies_compiler_type=gcc3
am_cv_ar_interface=ar
am_cv_make_support_nested_variables=yes
am_cv_prog_cc_c_o=yes
lt_cv_apple_cc_single_mod=yes
lt_cv_ar_at_file=no
lt_cv_deplibs_check_method=pass_all
lt_cv_file_magic_cmd='$MAGIC_CMD'
lt_cv_file_magic_test_file=
lt_cv_ld_exported_symbols_list=yes
lt_cv_ld_force_load=yes
lt_cv_ld_reload_flag=-r
lt_cv_nm_interface='BSD nm'
lt_cv_objdir=.libs
lt_cv_path_LD=/Library/Developer/CommandLineTools/usr/bin/ld
lt_cv_path_NM='/usr/bin/nm -B'
lt_cv_path_mainfest_tool=no
lt_cv_prog_compiler_c_o=yes
lt_cv_prog_compiler_pic='-fno-common -DPIC'
lt_cv_prog_compiler_pic_works=yes
lt_cv_prog_compiler_rtti_exceptions=yes
lt_cv_prog_compiler_static_works=no
lt_cv_prog_gnu_ld=no
lt_cv_sharedlib_from_linklib_cmd='printf %s\n'
lt_cv_sys_global_symbol_pipe='sed -n -e '\''s/^.*[	 ]\([BCDEGRST][BCDEGRST]*\)[	 ][	 ]*_\([_A-Za-z][_A-Za-z0-9]*\)$/\1 _\2 \2/p'\'' | sed '\''/ __gnu_lto/d'\'''
lt_cv_sys_global_symbol_to_c_name_address='sed -n -e '\''s/^: \(.*\) .*$/  {"\1", (void *) 0},/p'\'' -e '\''s/^[BCDEGRST][BCDEGRST]* .* \(.*\)$/  {"\1", (void *) \&\1},/p'\'''
lt_cv_sys_global_symbol_to_c_name_address_lib_prefix='sed -n -e '\''s/^: \(.*\) .*$/  {"\1", (void *) 0},/p'\'' -e '\''s/^[BCDEGRST][BCDEGRST]* .* \(lib.*\)$/  {"\1", (void *) \&\1},/p'\'' -e '\''s/^[BCDEGRST][BCDEGRST]* .* \(.*\)$/  {"lib\1", (void *) \&\1},/p'\'''
lt_cv_sys_global_symbol_to_cdecl='sed -n -e '\''s/^T .* \(.*\)$/extern int \1();/p'\'' -e '\''s/^[BCDEGRST][BCDEGRST]* .* \(.*\)$/extern char \1;/p'\'''
lt_cv_sys_global_symbol_to_import=
lt_cv_sys_max_cmd_len=196608
lt_cv_to_host_file_cmd=func_convert_file_noop
lt_cv_to_tool_file_cmd=func_convert_file_noop
lt_cv_truncate_bin='/bin/dd bs=4096 count=1'

## ----------------- ##
## Output variables. ##
## ----------------- ##

ACLOCAL='${SHELL} /Users/plewis/librat/missing aclocal-1.16'
AMDEPBACKSLASH='\'
AMDEP_FALSE='#'
AMDEP_TRUE=''
AMTAR='$${TAR-tar}'
AM_BACKSLASH='\'
AM_DEFAULT_V='$(AM_DEFAULT_VERBOSITY)'
AM_DEFAULT_VERBOSITY='1'
AM_V='$(V)'
AR='ar'
AUTOCONF='${SHELL} /Users/plewis/librat/missing autoconf'
AUTOHEADER='${SHELL} /Users/plewis/librat/missing autoheader'
AUTOMAKE='${SHELL} /Users/plewis/librat/missing automake-1.16'
AWK='awk'
CC='gcc'
CCDEPMODE='depmode=gcc3'
CFLAGS='-g -O2'
CPP='gcc -E'
CPPFLAGS=''
CYGPATH_W='echo'
DEFS='-DHAVE_CONFIG_H'
DEPDIR='.deps'
DLLTOOL='false'
DSYMUTIL='dsymutil'
DUMPBIN=''
ECHO_C='\c'
ECHO_N=''
ECHO_T=''
EGREP='/usr/bin/grep -E'
EXEEXT=''
FGREP='/usr/bin/grep -F'
GREP='/usr/bin/grep'
INSTALL_DATA='${INSTALL} -m 644'
INSTALL_PROGRAM='${INSTALL}'
INSTALL_SCRIPT='${INSTALL}'
INSTALL_STRIP_PROGRAM='$(install_sh) -c -s'
LD='/Library/Developer/CommandLineTools/usr/bin/ld'
LDFLAGS=''
LIBOBJS=''
LIBS=''
LIBTOOL='$(SHELL) $(top_builddir)/libtool'
LIPO='lipo'
LN_S='ln -s'
LTLIBOBJS=''
LT_SYS_LIBRARY_PATH=''
MAKEINFO='${SHELL} /Users/plewis/librat/missing makeinfo'
MANIFEST_TOOL=':'
MKDIR_P='./install-sh -c -d'
NM='/usr/bin/nm -B'
NMEDIT='nmedit'
OBJDUMP='objdump'
OBJEXT='o'
OTOOL64=':'
OTOOL='otool'
PACKAGE='librat'
PACKAGE_BUGREPORT='bug-automake@gnu.org'
PACKAGE_NAME='librat'
PACKAGE_STRING='librat 1.0'
PACKAGE_TARNAME='librat'
PACKAGE_URL=''
PACKAGE_VERSION='1.0'
PATH_SEPARATOR=':'
RANLIB='ranlib'
SED='/usr/bin/sed'
SET_MAKE=''
SHELL='/bin/sh'
STRIP='strip'
VERSION='1.0'
ac_ct_AR='ar'
ac_ct_CC='gcc'
ac_ct_DUMPBIN=''
am__EXEEXT_FALSE=''
am__EXEEXT_TRUE='#'
am__fastdepCC_FALSE='#'
am__fastdepCC_TRUE=''
am__include='include'
am__isrc=''
am__leading_dot='.'
am__nodep='_no'
am__quote=''
am__tar='$${TAR-tar} chof - "$$tardir"'
am__untar='$${TAR-tar} xf -'
bindir='${exec_prefix}/bin'
build='x86_64-apple-darwin19.3.0'
build_alias=''
build_cpu='x86_64'
build_os='darwin19.3.0'
build_vendor='apple'
datadir='${datarootdir}'
datarootdir='${prefix}/share'
docdir='${datarootdir}/doc/${PACKAGE_TARNAME}'
dvidir='${docdir}'
exec_prefix='${prefix}'
host='x86_64-apple-darwin19.3.0'
host_alias=''
host_cpu='x86_64'
host_os='darwin19.3.0'
host_vendor='apple'
htmldir='${docdir}'
includedir='${prefix}/include'
infodir='${datarootdir}/info'
install_sh='${SHELL} /Users/plewis/librat/install-sh'
libdir='${exec_prefix}/lib'
libexecdir='${exec_prefix}/libexec'
localedir='${datarootdir}/locale'
localstatedir='${prefix}/var'
mandir='${datarootdir}/man'
mkdir_p='$(MKDIR_P)'
oldincludedir='/usr/include'
pdfdir='${docdir}'
prefix='/usr/local'
program_transform_name='s,x,x,'
psdir='${docdir}'
sbindir='${exec_prefix}/sbin'
sharedstatedir='${prefix}/com'
sysconfdir='${prefix}/etc'
target_alias=''

## ----------- ##
## confdefs.h. ##
## ----------- ##

/* confdefs.h */
#define PACKAGE_NAME "librat"
#define PACKAGE_TARNAME "librat"
#define PACKAGE_VERSION "1.0"
#define PACKAGE_STRING "librat 1.0"
#define PACKAGE_BUGREPORT "bug-automake@gnu.org"
#define PACKAGE_URL ""
#define PACKAGE "librat"
#define VERSION "1.0"
#define STDC_HEADERS 1
#define HAVE_SYS_TYPES_H 1
#define HAVE_SYS_STAT_H 1
#define HAVE_STDLIB_H 1
#define HAVE_STRING_H 1
#define HAVE_MEMORY_H 1
#define HAVE_STRINGS_H 1
#define HAVE_INTTYPES_H 1
#define HAVE_STDINT_H 1
#define HAVE_UNISTD_H 1
#define HAVE_DLFCN_H 1
#define LT_OBJDIR ".libs/"

configure: exit 0

## ---------------------- ##
## Running config.status. ##
## ---------------------- ##

This file was extended by librat config.status 1.0, which was
generated by GNU Autoconf 2.69.  Invocation command line was

  CONFIG_FILES    = 
  CONFIG_HEADERS  = 
  CONFIG_LINKS    = 
  CONFIG_COMMANDS = 
  $ ./config.status 

on philips-MacBook-Pro.local

config.status:1081: creating Makefile
config.status:1081: creating src/Makefile
config.status:1081: creating config.h
config.status:1262: config.h is unchanged
config.status:1310: executing depfiles commands
config.status:1387: cd src       && sed -e '/# am--include-marker/d' Makefile         | make -f - am--depfiles
make[1]: Nothing to be done for `am--depfiles'.
config.status:1392: $? = 0
config.status:1310: executing libtool commands

## ---------------------- ##
## Running config.status. ##
## ---------------------- ##

This file was extended by librat config.status 1.0, which was
generated by GNU Autoconf 2.69.  Invocation command line was

  CONFIG_FILES    = 
  CONFIG_HEADERS  = 
  CONFIG_LINKS    = 
  CONFIG_COMMANDS = 
  $ ./config.status config.h

on philips-MacBook-Pro.local

config.status:1081: creating config.h
config.status:1262: config.h is unchanged
